
[2026-01-22 05:24:47] Email to: teaaast@sch.id
Subject: Verifikasi Email - Pendaftaran Perpustakaan Digital
Code: 780884
================================================================================
[2026-01-22 05:26:08] Email to: testasdad@sch.id
Subject: Verifikasi Email - Pendaftaran Perpustakaan Digital
Code: 697151
================================================================================
[2026-01-22 05:26:46] Email to: andfgdfjalisaputra@sch.id
Subject: Verifikasi Email - Pendaftaran Perpustakaan Digital
Code: 040685
================================================================================
[2026-01-22 05:27:21] Email to: anddddfgdfjalisaputra@sch.id
Subject: Verifikasi Email - Pendaftaran Perpustakaan Digital
Code: 608871
================================================================================
[2026-01-22 05:27:39] Email to: anddddfffdgdfjalisaputra@sch.id
Subject: Verifikasi Email - Pendaftaran Perpustakaan Digital
Code: 411700
================================================================================
[2026-01-22 05:28:00] Email to: andsddfgdfjalisaputra@sch.id
Subject: Verifikasi Email - Pendaftaran Perpustakaan Digital
Code: 429647
================================================================================